<?xml version="1.0" encoding="UTF-8"?>
<testng-results ignored="0" total="1" passed="1" failed="0" skipped="0">
  <reporter-output>
  </reporter-output>
  <suite started-at="2022-03-08T13:51:57 EST" name="Default suite" finished-at="2022-03-08T13:52:09 EST" duration-ms="11393">
    <groups>
    </groups>
    <test started-at="2022-03-08T13:51:57 EST" name="Default test" finished-at="2022-03-08T13:52:09 EST" duration-ms="11393">
      <class name="com.rahulShettyAcademy1.rahulshettyHomePage">
        <test-method is-config="true" signature="setUp(java.lang.String)[pri:0, instance:com.rahulShettyAcademy1.rahulshettyHomePage@61d6015a]" started-at="2022-03-08T13:51:57 EST" name="setUp" finished-at="2022-03-08T13:51:59 EST" duration-ms="1923" status="PASS">
          <params>
            <param index="0">
              <value>
                <![CDATA[Chrome]]>
              </value>
            </param>
          </params>
          <reporter-output>
          </reporter-output>
        </test-method> <!-- setUp -->
        <test-method signature="firstTest()[pri:0, instance:com.rahulShettyAcademy1.rahulshettyHomePage@61d6015a]" started-at="2022-03-08T13:51:59 EST" name="firstTest" finished-at="2022-03-08T13:52:08 EST" duration-ms="8666" status="PASS">
          <reporter-output>
          </reporter-output>
        </test-method> <!-- firstTest -->
        <test-method is-config="true" signature="tearDown()[pri:0, instance:com.rahulShettyAcademy1.rahulshettyHomePage@61d6015a]" started-at="2022-03-08T13:52:08 EST" name="tearDown" finished-at="2022-03-08T13:52:09 EST" duration-ms="739" status="PASS">
          <reporter-output>
          </reporter-output>
        </test-method> <!-- tearDown -->
      </class> <!-- com.rahulShettyAcademy1.rahulshettyHomePage -->
    </test> <!-- Default test -->
  </suite> <!-- Default suite -->
</testng-results>
